<html>
<head>
<title>TestNG:  Test</title>
<link href="../testng.css" rel="stylesheet" type="text/css" />
<link href="../my-testng.css" rel="stylesheet" type="text/css" />

<style type="text/css">
.log { display: none;} 
.stack-trace { display: none;} 
</style>
<script type="text/javascript">
<!--
function flip(e) {
  current = e.style.display;
  if (current == 'block') {
    e.style.display = 'none';
    return 0;
  }
  else {
    e.style.display = 'block';
    return 1;
  }
}

function toggleBox(szDivId, elem, msg1, msg2)
{
  var res = -1;  if (document.getElementById) {
    res = flip(document.getElementById(szDivId));
  }
  else if (document.all) {
    // this is the way old msie versions work
    res = flip(document.all[szDivId]);
  }
  if(elem) {
    if(res == 0) elem.innerHTML = msg1; else elem.innerHTML = msg2;
  }

}

function toggleAllBoxes() {
  if (document.getElementsByTagName) {
    d = document.getElementsByTagName('div');
    for (i = 0; i < d.length; i++) {
      if (d[i].className == 'log') {
        flip(d[i]);
      }
    }
  }
}

// -->
</script>

</head>
<body>
<h2 align='center'>Test</h2><table border='1' align="center">
<tr>
<td>Tests passed/Failed/Skipped:</td><td>0/1/0</td>
</tr><tr>
<td>Started on:</td><td>Tue Dec 24 11:36:03 PKT 2019</td>
</tr>
<tr><td>Total time:</td><td>1 seconds (1546 ms)</td>
</tr><tr>
<td>Included groups:</td><td></td>
</tr><tr>
<td>Excluded groups:</td><td></td>
</tr>
</table><p/>
<small><i>(Hover the method name to see the test class name)</i></small><p/>
<table width='100%' border='1' class='invocation-failed'>
<tr><td colspan='4' align='center'><b>FAILED CONFIGURATIONS</b></td></tr>
<tr><td><b>Test method</b></td>
<td width="30%"><b>Exception</b></td>
<td width="10%"><b>Time (seconds)</b></td>
<td><b>Instance</b></td>
</tr>
<tr>
<td title='runners.PositiveTest.tearDownClass()'><b>tearDownClass</b><br>Test class: runners.PositiveTest</td>
<td><div><pre>java.lang.NullPointerException
	at com.relevantcodes.extentreports.Report.terminate(Report.java:417)
	at com.relevantcodes.extentreports.ExtentReports.close(ExtentReports.java:919)
	at com.cucumber.listener.ExtentCucumberFormatter.close(ExtentCucumberFormatter.java:220)
	at cucumber.runtime.Utils$1.call(Utils.java:37)
	at cucumber.runtime.Timeout.timeout(Timeout.java:13)
	at cucumber.runtime.Utils.invoke(Utils.java:31)
	at cucumber.runtime.RuntimeOptions$1.invoke(RuntimeOptions.java:290)
	at com.sun.proxy.$Proxy18.close(Unknown Source)
	at cucumber.api.testng.TestNGCucumberRunner.finish(TestNGCucumberRunner.java:77)
	at cucumber.api.testng.AbstractTestNGCucumberTests.tearDownClass(AbstractTestNGCucumberTests.java:34)
	at java.util.ArrayList.forEach(Unknown Source)
... Removed 29 stack frames</pre></div><a href='#' onClick='toggleBox("stack-trace1688470144", this, "Click to show all stack frames", "Click to hide stack frames")'>Click to show all stack frames</a>
<div class='stack-trace' id='stack-trace1688470144'><pre>java.lang.NullPointerException
	at com.relevantcodes.extentreports.Report.terminate(Report.java:417)
	at com.relevantcodes.extentreports.ExtentReports.close(ExtentReports.java:919)
	at com.cucumber.listener.ExtentCucumberFormatter.close(ExtentCucumberFormatter.java:220)
	at sun.reflect.NativeMethodAccessorImpl.invoke0(Native Method)
	at sun.reflect.NativeMethodAccessorImpl.invoke(Unknown Source)
	at sun.reflect.DelegatingMethodAccessorImpl.invoke(Unknown Source)
	at java.lang.reflect.Method.invoke(Unknown Source)
	at cucumber.runtime.Utils$1.call(Utils.java:37)
	at cucumber.runtime.Timeout.timeout(Timeout.java:13)
	at cucumber.runtime.Utils.invoke(Utils.java:31)
	at cucumber.runtime.RuntimeOptions$1.invoke(RuntimeOptions.java:290)
	at com.sun.proxy.$Proxy18.close(Unknown Source)
	at cucumber.api.testng.TestNGCucumberRunner.finish(TestNGCucumberRunner.java:77)
	at cucumber.api.testng.AbstractTestNGCucumberTests.tearDownClass(AbstractTestNGCucumberTests.java:34)
	at sun.reflect.NativeMethodAccessorImpl.invoke0(Native Method)
	at sun.reflect.NativeMethodAccessorImpl.invoke(Unknown Source)
	at sun.reflect.DelegatingMethodAccessorImpl.invoke(Unknown Source)
	at java.lang.reflect.Method.invoke(Unknown Source)
	at org.testng.internal.MethodInvocationHelper.invokeMethod(MethodInvocationHelper.java:133)
	at org.testng.internal.MethodInvocationHelper.invokeMethodConsideringTimeout(MethodInvocationHelper.java:62)
	at org.testng.internal.ConfigInvoker.invokeConfigurationMethod(ConfigInvoker.java:340)
	at org.testng.internal.ConfigInvoker.invokeConfigurations(ConfigInvoker.java:294)
	at org.testng.internal.TestMethodWorker.invokeAfterClassMethods(TestMethodWorker.java:217)
	at org.testng.internal.TestMethodWorker.run(TestMethodWorker.java:130)
	at java.util.ArrayList.forEach(Unknown Source)
	at org.testng.TestRunner.privateRun(TestRunner.java:770)
	at org.testng.TestRunner.run(TestRunner.java:591)
	at org.testng.SuiteRunner.runTest(SuiteRunner.java:402)
	at org.testng.SuiteRunner.runSequentially(SuiteRunner.java:396)
	at org.testng.SuiteRunner.privateRun(SuiteRunner.java:355)
	at org.testng.SuiteRunner.run(SuiteRunner.java:304)
	at org.testng.SuiteRunnerWorker.runSuite(SuiteRunnerWorker.java:53)
	at org.testng.SuiteRunnerWorker.run(SuiteRunnerWorker.java:96)
	at org.testng.TestNG.runSuitesSequentially(TestNG.java:1180)
	at org.testng.TestNG.runSuitesLocally(TestNG.java:1102)
	at org.testng.TestNG.runSuites(TestNG.java:1032)
	at org.testng.TestNG.run(TestNG.java:1000)
	at org.testng.remote.AbstractRemoteTestNG.run(AbstractRemoteTestNG.java:115)
	at org.testng.remote.RemoteTestNG.initAndRun(RemoteTestNG.java:251)
	at org.testng.remote.RemoteTestNG.main(RemoteTestNG.java:77)
</pre></div></td>
<td>0</td>
<td>runners.PositiveTest@7364985f</td></tr>
</table><p>
<table width='100%' border='1' class='invocation-failed'>
<tr><td colspan='4' align='center'><b>FAILED TESTS</b></td></tr>
<tr><td><b>Test method</b></td>
<td width="30%"><b>Exception</b></td>
<td width="10%"><b>Time (seconds)</b></td>
<td><b>Instance</b></td>
</tr>
<tr>
<td title='runners.PositiveTest.feature()'><b>feature</b><br>Test class: runners.PositiveTest<br>Test method: Runs Cucumber Feature<br>Parameters: cucumber.api.testng.CucumberExceptionWrapper@1e097d59</td>
<td><div><pre>cucumber.runtime.CucumberException: Error parsing feature file SignUp.feature
	at cucumber.runtime.FeatureBuilder.parse(FeatureBuilder.java:133)
	at cucumber.runtime.model.CucumberFeature.loadFromFeaturePath(CucumberFeature.java:104)
	at cucumber.runtime.model.CucumberFeature.load(CucumberFeature.java:54)
	at cucumber.runtime.model.CucumberFeature.load(CucumberFeature.java:34)
	at cucumber.runtime.RuntimeOptions.cucumberFeatures(RuntimeOptions.java:235)
	at cucumber.api.testng.TestNGCucumberRunner.getFeatures(TestNGCucumberRunner.java:85)
	at cucumber.api.testng.TestNGCucumberRunner.provideFeatures(TestNGCucumberRunner.java:94)
	at cucumber.api.testng.AbstractTestNGCucumberTests.features(AbstractTestNGCucumberTests.java:29)
	at java.util.ArrayList.forEach(Unknown Source)
Caused by: gherkin.lexer.LexingError: Lexing error on line 4: &apos;@SignUp        #TC_login_10_29 and TC_login_10_40 and TC_login_10_53  
Scenario Outline: Sign Up in to UBL  

	Given User Launch ubl app
	And   User click on allow button
	Then  Verify that the username and password fields are functional
	Then  Verify that all the buttons on login page are functional
	Then  Verify that forgot password link is functional
	Then  User enters Email as&quot;&lt;userName&gt;&quot; and Password as &quot;&lt;password&gt;&quot;
	Then  User clicks on login button
	Then  User enter OTP as &quot;&lt;code&gt;&quot;
	Then  User enters nick name of account &quot;&lt;acctName&gt;&quot; 
	
	Examples: 
		|   userName    |   password  | code|  accountName  |
		|  Saahir14527	|	11111111  |  1  |     Mohsin    |
		
		
		 
#@feedback   #TC_Feedback_02_09
#Scenario Outline: verify that user is able to submit his Feedback successfully  
#
#	Given User Launch ubl app
##	And   User click on allow button
#	Then  User enters Email as&quot;&lt;userName&gt;&quot; and Password as &quot;&lt;password&gt;&quot;
#	Then  User clicks on login button
#	Then  User enter OTP as &quot;&lt;code&gt;&quot;
#	Then  User enter nick name for user &quot;&lt;accountName&gt;&quot;
#	Then  User click on hamburger button
#	Then  User moves to scroll down
#	Then  User click on feedback button
#    Then  verify text field is empty
#    Then  click on submit button
#    Then  User verify Feedback field message
#    Then User click on Ok button
#    And  User enter feedback in text field
#    Then click on submit button
#	Then User click on Ok button
#	
##	Then  User enters nick name of account &quot;&lt;acctName&gt;&quot; 
#	
#	Examples: 
#		|   userName    |   password  | code|  accountName  |
#		|  Saahir14527	|	11111111  |  1  |     Mohsin    |
#		
		
#@termsAndConditions   #TC_T&amp;C_02_06 &amp; TC_T&amp;C_02_07
#Scenario Outline: verify that terms &amp; conditions page should be accessible  
#
#	Given User Launch ubl app
#	Then  User enters Email as&quot;&lt;userName&gt;&quot; and Password as &quot;&lt;password&gt;&quot;
#	Then  User clicks on login button
#	Then  User enter OTP as &quot;&lt;code&gt;&quot;
#	Then  User enter nick name for user &quot;&lt;accountName&gt;&quot;
#	Then  User click on hamburger button
#	Then  User moves to scroll down
#	Then  User click on button &quot;&lt;btnName&gt;&quot;
#	Then  verify that terms &amp; conditions page should be accessible
#	Then  verify that all the button on terms &amp; conditions page are functional
#   
#	
#	Examples: 
#		|   userName    |   password  | code|  accountName  |       btnName      |
#		|  Saahir14527	|	11111111  |  1  |     Mohsin    | Terms &amp; Conditions |



#@logOut   #TC_Logout_02_06 &amp; TC_T&amp;C_02_07 &amp; TC_Logout_02_08
#Scenario Outline: verify that logout should be accessible  
#
#	Given User Launch ubl app
#	Then  User enters Email as&quot;&lt;userName&gt;&quot; and Password as &quot;&lt;password&gt;&quot;
#	Then  User clicks on login button
#	Then  User enter OTP as &quot;&lt;code&gt;&quot;
#	Then  User enter nick name for user &quot;&lt;accountName&gt;&quot;
#	Then  User click on hamburger button
#	Then  User moves to scroll down
#	Then  User click on button &quot;&lt;btnName&gt;&quot;
#	Then  verify that logout should be accessible
#	Then  verify that all the button logout popup are functional &quot;No&quot;
#	Then  User click on hamburger button
#	Then  User click on hamburger button
#	Then  User click on button &quot;&lt;btnName&gt;&quot;
#	Then  verify that all the button logout popup are functional &quot;Yes&quot;
#	Then  User should logout successfully
#	
#	Examples: 
#		|   userName    |   password  | code|  accountName  |  btnName |
#		| Saahir14527	|	11111111  |  1  |     Mohsin    |  Logout  |




#@logOut   #
#Scenario Outline: verify that logout should be accessible  
#
#	Given User Launch ubl app
#	Then  User enters Email as&quot;&lt;userName&gt;&quot; and Password as &quot;&lt;password&gt;&quot;
#	Then  User clicks on login button
#	Then  User enter OTP as &quot;&lt;code&gt;&quot;
#	Then  User enter nick name for user &quot;&lt;accountName&gt;&quot;
#	Then  User click on hamburger button
#	Then  User moves to scroll down
#	Then  User click on button &quot;&lt;btnName&gt;&quot;
#	Then  verify that logout should be accessible
#	Then  verify that all the button logout popup are functional &quot;No&quot;
#	Then  User click on hamburger button
#	Then  User click on hamburger button
#	Then  User click on button &quot;&lt;btnName&gt;&quot;
#	Then  verify that all the button logout popup are functional &quot;Yes&quot;
#	Then  User should logout successfully
#	
#	Examples: 
#		|   userName    |   password  | code |  accountName  |  btnName |
#		|   username	|	  pass    |  1   |   acctName    |  Logout  |
 


		
		
%_FEATURE_END_%&apos;. See http://wiki.github.com/cucumber/gherkin/lexingerror for more information.
	at gherkin.lexer.En.scan(En.java:872)
	at gherkin.lexer.I18nLexer.scan(I18nLexer.java:36)
	at gherkin.parser.Parser.parse(Parser.java:62)
	at cucumber.runtime.FeatureBuilder.parse(FeatureBuilder.java:131)
	... 39 more
... Removed 31 stack frames</pre></div><a href='#' onClick='toggleBox("stack-trace1677458155", this, "Click to show all stack frames", "Click to hide stack frames")'>Click to show all stack frames</a>
<div class='stack-trace' id='stack-trace1677458155'><pre>cucumber.runtime.CucumberException: Error parsing feature file SignUp.feature
	at cucumber.runtime.FeatureBuilder.parse(FeatureBuilder.java:133)
	at cucumber.runtime.model.CucumberFeature.loadFromFeaturePath(CucumberFeature.java:104)
	at cucumber.runtime.model.CucumberFeature.load(CucumberFeature.java:54)
	at cucumber.runtime.model.CucumberFeature.load(CucumberFeature.java:34)
	at cucumber.runtime.RuntimeOptions.cucumberFeatures(RuntimeOptions.java:235)
	at cucumber.api.testng.TestNGCucumberRunner.getFeatures(TestNGCucumberRunner.java:85)
	at cucumber.api.testng.TestNGCucumberRunner.provideFeatures(TestNGCucumberRunner.java:94)
	at cucumber.api.testng.AbstractTestNGCucumberTests.features(AbstractTestNGCucumberTests.java:29)
	at sun.reflect.NativeMethodAccessorImpl.invoke0(Native Method)
	at sun.reflect.NativeMethodAccessorImpl.invoke(Unknown Source)
	at sun.reflect.DelegatingMethodAccessorImpl.invoke(Unknown Source)
	at java.lang.reflect.Method.invoke(Unknown Source)
	at org.testng.internal.MethodInvocationHelper.invokeMethod(MethodInvocationHelper.java:133)
	at org.testng.internal.MethodInvocationHelper.invokeMethod(MethodInvocationHelper.java:77)
	at org.testng.internal.MethodInvocationHelper.invokeMethodNoCheckedException(MethodInvocationHelper.java:46)
	at org.testng.internal.MethodInvocationHelper.invokeDataProvider(MethodInvocationHelper.java:146)
	at org.testng.internal.Parameters.handleParameters(Parameters.java:820)
	at org.testng.internal.Parameters.handleParameters(Parameters.java:762)
	at org.testng.internal.ParameterHandler.handleParameters(ParameterHandler.java:60)
	at org.testng.internal.ParameterHandler.createParameters(ParameterHandler.java:39)
	at org.testng.internal.TestInvoker$MethodInvocationAgent.invoke(TestInvoker.java:771)
	at org.testng.internal.TestInvoker.invokeTestMethods(TestInvoker.java:145)
	at org.testng.internal.TestMethodWorker.invokeTestMethods(TestMethodWorker.java:146)
	at org.testng.internal.TestMethodWorker.run(TestMethodWorker.java:128)
	at java.util.ArrayList.forEach(Unknown Source)
	at org.testng.TestRunner.privateRun(TestRunner.java:770)
	at org.testng.TestRunner.run(TestRunner.java:591)
	at org.testng.SuiteRunner.runTest(SuiteRunner.java:402)
	at org.testng.SuiteRunner.runSequentially(SuiteRunner.java:396)
	at org.testng.SuiteRunner.privateRun(SuiteRunner.java:355)
	at org.testng.SuiteRunner.run(SuiteRunner.java:304)
	at org.testng.SuiteRunnerWorker.runSuite(SuiteRunnerWorker.java:53)
	at org.testng.SuiteRunnerWorker.run(SuiteRunnerWorker.java:96)
	at org.testng.TestNG.runSuitesSequentially(TestNG.java:1180)
	at org.testng.TestNG.runSuitesLocally(TestNG.java:1102)
	at org.testng.TestNG.runSuites(TestNG.java:1032)
	at org.testng.TestNG.run(TestNG.java:1000)
	at org.testng.remote.AbstractRemoteTestNG.run(AbstractRemoteTestNG.java:115)
	at org.testng.remote.RemoteTestNG.initAndRun(RemoteTestNG.java:251)
	at org.testng.remote.RemoteTestNG.main(RemoteTestNG.java:77)
Caused by: gherkin.lexer.LexingError: Lexing error on line 4: &apos;@SignUp        #TC_login_10_29 and TC_login_10_40 and TC_login_10_53  
Scenario Outline: Sign Up in to UBL  

	Given User Launch ubl app
	And   User click on allow button
	Then  Verify that the username and password fields are functional
	Then  Verify that all the buttons on login page are functional
	Then  Verify that forgot password link is functional
	Then  User enters Email as&quot;&lt;userName&gt;&quot; and Password as &quot;&lt;password&gt;&quot;
	Then  User clicks on login button
	Then  User enter OTP as &quot;&lt;code&gt;&quot;
	Then  User enters nick name of account &quot;&lt;acctName&gt;&quot; 
	
	Examples: 
		|   userName    |   password  | code|  accountName  |
		|  Saahir14527	|	11111111  |  1  |     Mohsin    |
		
		
		 
#@feedback   #TC_Feedback_02_09
#Scenario Outline: verify that user is able to submit his Feedback successfully  
#
#	Given User Launch ubl app
##	And   User click on allow button
#	Then  User enters Email as&quot;&lt;userName&gt;&quot; and Password as &quot;&lt;password&gt;&quot;
#	Then  User clicks on login button
#	Then  User enter OTP as &quot;&lt;code&gt;&quot;
#	Then  User enter nick name for user &quot;&lt;accountName&gt;&quot;
#	Then  User click on hamburger button
#	Then  User moves to scroll down
#	Then  User click on feedback button
#    Then  verify text field is empty
#    Then  click on submit button
#    Then  User verify Feedback field message
#    Then User click on Ok button
#    And  User enter feedback in text field
#    Then click on submit button
#	Then User click on Ok button
#	
##	Then  User enters nick name of account &quot;&lt;acctName&gt;&quot; 
#	
#	Examples: 
#		|   userName    |   password  | code|  accountName  |
#		|  Saahir14527	|	11111111  |  1  |     Mohsin    |
#		
		
#@termsAndConditions   #TC_T&amp;C_02_06 &amp; TC_T&amp;C_02_07
#Scenario Outline: verify that terms &amp; conditions page should be accessible  
#
#	Given User Launch ubl app
#	Then  User enters Email as&quot;&lt;userName&gt;&quot; and Password as &quot;&lt;password&gt;&quot;
#	Then  User clicks on login button
#	Then  User enter OTP as &quot;&lt;code&gt;&quot;
#	Then  User enter nick name for user &quot;&lt;accountName&gt;&quot;
#	Then  User click on hamburger button
#	Then  User moves to scroll down
#	Then  User click on button &quot;&lt;btnName&gt;&quot;
#	Then  verify that terms &amp; conditions page should be accessible
#	Then  verify that all the button on terms &amp; conditions page are functional
#   
#	
#	Examples: 
#		|   userName    |   password  | code|  accountName  |       btnName      |
#		|  Saahir14527	|	11111111  |  1  |     Mohsin    | Terms &amp; Conditions |



#@logOut   #TC_Logout_02_06 &amp; TC_T&amp;C_02_07 &amp; TC_Logout_02_08
#Scenario Outline: verify that logout should be accessible  
#
#	Given User Launch ubl app
#	Then  User enters Email as&quot;&lt;userName&gt;&quot; and Password as &quot;&lt;password&gt;&quot;
#	Then  User clicks on login button
#	Then  User enter OTP as &quot;&lt;code&gt;&quot;
#	Then  User enter nick name for user &quot;&lt;accountName&gt;&quot;
#	Then  User click on hamburger button
#	Then  User moves to scroll down
#	Then  User click on button &quot;&lt;btnName&gt;&quot;
#	Then  verify that logout should be accessible
#	Then  verify that all the button logout popup are functional &quot;No&quot;
#	Then  User click on hamburger button
#	Then  User click on hamburger button
#	Then  User click on button &quot;&lt;btnName&gt;&quot;
#	Then  verify that all the button logout popup are functional &quot;Yes&quot;
#	Then  User should logout successfully
#	
#	Examples: 
#		|   userName    |   password  | code|  accountName  |  btnName |
#		| Saahir14527	|	11111111  |  1  |     Mohsin    |  Logout  |




#@logOut   #
#Scenario Outline: verify that logout should be accessible  
#
#	Given User Launch ubl app
#	Then  User enters Email as&quot;&lt;userName&gt;&quot; and Password as &quot;&lt;password&gt;&quot;
#	Then  User clicks on login button
#	Then  User enter OTP as &quot;&lt;code&gt;&quot;
#	Then  User enter nick name for user &quot;&lt;accountName&gt;&quot;
#	Then  User click on hamburger button
#	Then  User moves to scroll down
#	Then  User click on button &quot;&lt;btnName&gt;&quot;
#	Then  verify that logout should be accessible
#	Then  verify that all the button logout popup are functional &quot;No&quot;
#	Then  User click on hamburger button
#	Then  User click on hamburger button
#	Then  User click on button &quot;&lt;btnName&gt;&quot;
#	Then  verify that all the button logout popup are functional &quot;Yes&quot;
#	Then  User should logout successfully
#	
#	Examples: 
#		|   userName    |   password  | code |  accountName  |  btnName |
#		|   username	|	  pass    |  1   |   acctName    |  Logout  |
 


		
		
%_FEATURE_END_%&apos;. See http://wiki.github.com/cucumber/gherkin/lexingerror for more information.
	at gherkin.lexer.En.scan(En.java:872)
	at gherkin.lexer.I18nLexer.scan(I18nLexer.java:36)
	at gherkin.parser.Parser.parse(Parser.java:62)
	at cucumber.runtime.FeatureBuilder.parse(FeatureBuilder.java:131)
	... 39 more
</pre></div></td>
<td>0</td>
<td>runners.PositiveTest@7364985f</td></tr>
</table><p>
</body>
</html>